initLinker: start
initLinker: inserting rts symbol stg_mkWeakzh, 0000000003261ce8
initLinker: inserting rts symbol stg_mkWeakNoFinalizzerzh, 0000000003261e00
initLinker: inserting rts symbol stg_addCFinalizzerToWeakzh, 0000000003261e10
initLinker: inserting rts symbol stg_makeStableNamezh, 0000000003263a70
initLinker: inserting rts symbol stg_finalizzeWeakzh, 0000000003261fc0
initLinker: inserting rts symbol ticky_entry_ctrs, 00000000039ea748
initLinker: inserting rts symbol top_ct, 00000000035e6b40
initLinker: inserting rts symbol ENT_VIA_NODE_ctr, 00000000039ea2c0
initLinker: inserting rts symbol ENT_STATIC_THK_SINGLE_ctr, 00000000039ea2c8
initLinker: inserting rts symbol ENT_STATIC_THK_MANY_ctr, 00000000039ea2d8
initLinker: inserting rts symbol ENT_DYN_THK_SINGLE_ctr, 00000000039ea2d0
initLinker: inserting rts symbol ENT_DYN_THK_MANY_ctr, 00000000039ea2e0
initLinker: inserting rts symbol ENT_STATIC_FUN_DIRECT_ctr, 00000000039ea2e8
initLinker: inserting rts symbol ENT_DYN_FUN_DIRECT_ctr, 00000000039ea2f0
initLinker: inserting rts symbol ENT_STATIC_CON_ctr, 00000000039ea2f8
initLinker: inserting rts symbol ENT_DYN_CON_ctr, 00000000039ea300
initLinker: inserting rts symbol ENT_STATIC_IND_ctr, 00000000039ea308
initLinker: inserting rts symbol ENT_DYN_IND_ctr, 00000000039ea310
initLinker: inserting rts symbol ENT_PERM_IND_ctr, 00000000039ea318
initLinker: inserting rts symbol ENT_PAP_ctr, 00000000039ea320
initLinker: inserting rts symbol ENT_AP_ctr, 00000000039ea328
initLinker: inserting rts symbol ENT_AP_STACK_ctr, 00000000039ea330
initLinker: inserting rts symbol ENT_BH_ctr, 00000000039ea338
initLinker: inserting rts symbol ENT_LNE_ctr, 00000000039ea340
initLinker: inserting rts symbol UNKNOWN_CALL_ctr, 00000000039ea348
initLinker: inserting rts symbol SLOW_CALL_fast_v16_ctr, 00000000039ea350
initLinker: inserting rts symbol SLOW_CALL_fast_v_ctr, 00000000039ea358
initLinker: inserting rts symbol SLOW_CALL_fast_f_ctr, 00000000039ea360
initLinker: inserting rts symbol SLOW_CALL_fast_d_ctr, 00000000039ea368
initLinker: inserting rts symbol SLOW_CALL_fast_l_ctr, 00000000039ea370
initLinker: inserting rts symbol SLOW_CALL_fast_n_ctr, 00000000039ea378
initLinker: inserting rts symbol SLOW_CALL_fast_p_ctr, 00000000039ea380
initLinker: inserting rts symbol SLOW_CALL_fast_pv_ctr, 00000000039ea388
initLinker: inserting rts symbol SLOW_CALL_fast_pp_ctr, 00000000039ea390
initLinker: inserting rts symbol SLOW_CALL_fast_ppv_ctr, 00000000039ea398
initLinker: inserting rts symbol SLOW_CALL_fast_ppp_ctr, 00000000039ea3a0
initLinker: inserting rts symbol SLOW_CALL_fast_pppv_ctr, 00000000039ea3a8
initLinker: inserting rts symbol SLOW_CALL_fast_pppp_ctr, 00000000039ea3b0
initLinker: inserting rts symbol SLOW_CALL_fast_ppppp_ctr, 00000000039ea3b8
initLinker: inserting rts symbol SLOW_CALL_fast_pppppp_ctr, 00000000039ea3c0
initLinker: inserting rts symbol VERY_SLOW_CALL_ctr, 00000000039ea3c8
initLinker: inserting rts symbol ticky_slow_call_unevald, 00000000039ea3d0
initLinker: inserting rts symbol SLOW_CALL_ctr, 00000000039ea3d8
initLinker: inserting rts symbol MULTI_CHUNK_SLOW_CALL_ctr, 00000000039ea3e0
initLinker: inserting rts symbol MULTI_CHUNK_SLOW_CALL_CHUNKS_ctr, 00000000039ea3e8
initLinker: inserting rts symbol KNOWN_CALL_ctr, 00000000039ea3f0
initLinker: inserting rts symbol KNOWN_CALL_TOO_FEW_ARGS_ctr, 00000000039ea3f8
initLinker: inserting rts symbol KNOWN_CALL_EXTRA_ARGS_ctr, 00000000039ea400
initLinker: inserting rts symbol SLOW_CALL_FUN_TOO_FEW_ctr, 00000000039ea408
initLinker: inserting rts symbol SLOW_CALL_FUN_CORRECT_ctr, 00000000039ea410
initLinker: inserting rts symbol SLOW_CALL_FUN_TOO_MANY_ctr, 00000000039ea418
initLinker: inserting rts symbol SLOW_CALL_PAP_TOO_FEW_ctr, 00000000039ea420
initLinker: inserting rts symbol SLOW_CALL_PAP_CORRECT_ctr, 00000000039ea428
initLinker: inserting rts symbol SLOW_CALL_PAP_TOO_MANY_ctr, 00000000039ea430
initLinker: inserting rts symbol SLOW_CALL_UNEVALD_ctr, 00000000039ea438
initLinker: inserting rts symbol UPDF_OMITTED_ctr, 00000000039ea440
initLinker: inserting rts symbol UPDF_PUSHED_ctr, 00000000039ea448
initLinker: inserting rts symbol CATCHF_PUSHED_ctr, 00000000039ea450
initLinker: inserting rts symbol UPDF_RCC_PUSHED_ctr, 00000000039ea458
initLinker: inserting rts symbol UPDF_RCC_OMITTED_ctr, 00000000039ea460
initLinker: inserting rts symbol UPD_SQUEEZED_ctr, 00000000039ea468
initLinker: inserting rts symbol UPD_CON_IN_NEW_ctr, 00000000039ea470
initLinker: inserting rts symbol UPD_CON_IN_PLACE_ctr, 00000000039ea478
initLinker: inserting rts symbol UPD_PAP_IN_NEW_ctr, 00000000039ea480
initLinker: inserting rts symbol UPD_PAP_IN_PLACE_ctr, 00000000039ea488
initLinker: inserting rts symbol ALLOC_HEAP_ctr, 00000000039ea490
initLinker: inserting rts symbol ALLOC_HEAP_tot, 00000000039ea498
initLinker: inserting rts symbol HEAP_CHK_ctr, 00000000039ea4a0
initLinker: inserting rts symbol STK_CHK_ctr, 00000000039ea4a8
initLinker: inserting rts symbol ALLOC_RTS_ctr, 00000000039ea4b0
initLinker: inserting rts symbol ALLOC_RTS_tot, 00000000039ea4b8
initLinker: inserting rts symbol ALLOC_FUN_ctr, 00000000039ea4c0
initLinker: inserting rts symbol ALLOC_FUN_adm, 00000000039ea4c8
initLinker: inserting rts symbol ALLOC_FUN_gds, 00000000039ea4d0
initLinker: inserting rts symbol ALLOC_FUN_slp, 00000000039ea4d8
initLinker: inserting rts symbol UPD_NEW_IND_ctr, 00000000039ea4e0
initLinker: inserting rts symbol UPD_NEW_PERM_IND_ctr, 00000000039ea4e8
initLinker: inserting rts symbol UPD_OLD_IND_ctr, 00000000039ea4f0
initLinker: inserting rts symbol UPD_OLD_PERM_IND_ctr, 00000000039ea4f8
initLinker: inserting rts symbol UPD_CAF_BH_UPDATABLE_ctr, 00000000039ea508
initLinker: inserting rts symbol UPD_CAF_BH_SINGLE_ENTRY_ctr, 00000000039ea510
initLinker: inserting rts symbol GC_SEL_ABANDONED_ctr, 00000000039ea518
initLinker: inserting rts symbol GC_SEL_MINOR_ctr, 00000000039ea520
initLinker: inserting rts symbol GC_SEL_MAJOR_ctr, 00000000039ea528
initLinker: inserting rts symbol GC_FAILED_PROMOTION_ctr, 00000000039ea530
initLinker: inserting rts symbol ALLOC_UP_THK_ctr, 00000000039ea538
initLinker: inserting rts symbol ALLOC_SE_THK_ctr, 00000000039ea540
initLinker: inserting rts symbol ALLOC_THK_adm, 00000000039ea548
initLinker: inserting rts symbol ALLOC_THK_gds, 00000000039ea550
initLinker: inserting rts symbol ALLOC_THK_slp, 00000000039ea558
initLinker: inserting rts symbol ALLOC_CON_ctr, 00000000039ea560
initLinker: inserting rts symbol ALLOC_CON_adm, 00000000039ea568
initLinker: inserting rts symbol ALLOC_CON_gds, 00000000039ea570
initLinker: inserting rts symbol ALLOC_CON_slp, 00000000039ea578
initLinker: inserting rts symbol ALLOC_TUP_ctr, 00000000039ea580
initLinker: inserting rts symbol ALLOC_TUP_adm, 00000000039ea588
initLinker: inserting rts symbol ALLOC_TUP_gds, 00000000039ea590
initLinker: inserting rts symbol ALLOC_TUP_slp, 00000000039ea598
initLinker: inserting rts symbol ALLOC_BH_ctr, 00000000039ea5a0
initLinker: inserting rts symbol ALLOC_BH_adm, 00000000039ea5a8
initLinker: inserting rts symbol ALLOC_BH_gds, 00000000039ea5b0
initLinker: inserting rts symbol ALLOC_BH_slp, 00000000039ea5b8
initLinker: inserting rts symbol ALLOC_PRIM_ctr, 00000000039ea5c0
initLinker: inserting rts symbol ALLOC_PRIM_adm, 00000000039ea5c8
initLinker: inserting rts symbol ALLOC_PRIM_gds, 00000000039ea5d0
initLinker: inserting rts symbol ALLOC_PRIM_slp, 00000000039ea5d8
initLinker: inserting rts symbol ALLOC_PAP_ctr, 00000000039ea5e0
initLinker: inserting rts symbol ALLOC_PAP_adm, 00000000039ea5e8
initLinker: inserting rts symbol ALLOC_PAP_gds, 00000000039ea5f0
initLinker: inserting rts symbol ALLOC_PAP_slp, 00000000039ea5f8
initLinker: inserting rts symbol ALLOC_TSO_ctr, 00000000039ea600
initLinker: inserting rts symbol ALLOC_TSO_adm, 00000000039ea608
initLinker: inserting rts symbol ALLOC_TSO_gds, 00000000039ea610
initLinker: inserting rts symbol ALLOC_TSO_slp, 00000000039ea618
initLinker: inserting rts symbol RET_NEW_ctr, 00000000039ea620
initLinker: inserting rts symbol RET_OLD_ctr, 00000000039ea628
initLinker: inserting rts symbol RET_UNBOXED_TUP_ctr, 00000000039ea630
initLinker: inserting rts symbol RET_SEMI_loads_avoided, 00000000039ea638
initLinker: inserting rts symbol RET_NEW_hst, 00000000039ea640
initLinker: inserting rts symbol RET_OLD_hst, 00000000039ea6a0
initLinker: inserting rts symbol RET_UNBOXED_TUP_hst, 00000000039ea700
initLinker: inserting rts symbol backtraceFree, 000000000327b070
initLinker: inserting rts symbol libdwGetBacktrace, 000000000327b07b
initLinker: inserting rts symbol libdwLookupLocation, 000000000327b08a
initLinker: inserting rts symbol libdwPoolTake, 0000000003281fe0
initLinker: inserting rts symbol libdwPoolRelease, 0000000003281feb
initLinker: inserting rts symbol libdwPoolClear, 0000000003281ff6
initLinker: inserting rts symbol StgReturn, 000000000327aff0
initLinker: inserting rts symbol stg_gc_noregs, 0000000003267410
initLinker: inserting rts symbol stg_ret_v_info, 00000000032677e8
initLinker: inserting rts symbol stg_ret_p_info, 0000000003267808
initLinker: inserting rts symbol stg_ret_n_info, 0000000003267830
initLinker: inserting rts symbol stg_ret_f_info, 0000000003267858
initLinker: inserting rts symbol stg_ret_d_info, 0000000003267880
initLinker: inserting rts symbol stg_ret_l_info, 00000000032678a8
initLinker: inserting rts symbol stg_gc_prim_p, 00000000032676c0
initLinker: inserting rts symbol stg_gc_prim_pp, 0000000003267708
initLinker: inserting rts symbol stg_gc_prim_n, 0000000003267750
initLinker: inserting rts symbol stg_enter_info, 00000000032675f0
initLinker: inserting rts symbol __stg_gc_enter_1, 0000000003267670
initLinker: inserting rts symbol stg_gc_unpt_r1, 00000000032678c0
initLinker: inserting rts symbol stg_gc_unbx_r1, 00000000032678d8
initLinker: inserting rts symbol stg_gc_f1, 00000000032678f0
initLinker: inserting rts symbol stg_gc_d1, 0000000003267908
initLinker: inserting rts symbol stg_gc_l1, 0000000003267920
initLinker: inserting rts symbol stg_gc_pp, 0000000003267938
initLinker: inserting rts symbol stg_gc_ppp, 0000000003267980
initLinker: inserting rts symbol stg_gc_pppp, 00000000032679d0
initLinker: inserting rts symbol __stg_gc_fun, 0000000003267a30
initLinker: inserting rts symbol stg_gc_fun_info, 0000000003267ac0
initLinker: inserting rts symbol stg_yield_noregs, 0000000003267b18
initLinker: inserting rts symbol stg_yield_to_interpreter, 0000000003267b38
initLinker: inserting rts symbol stg_block_noregs, 0000000003267b58
initLinker: inserting rts symbol stg_block_takemvar, 0000000003267bb8
initLinker: inserting rts symbol stg_block_readmvar, 0000000003267c38
initLinker: inserting rts symbol stg_block_putmvar, 0000000003267cc0
initLinker: inserting rts symbol MainCapability, 00000000039dd0e0
initLinker: inserting rts symbol addDLL, 000000000322be12
initLinker: inserting rts symbol addLibrarySearchPath, 000000000322bea1
initLinker: inserting rts symbol removeLibrarySearchPath, 000000000322bede
initLinker: inserting rts symbol findSystemLibrary, 000000000322be32
initLinker: inserting rts symbol __int_encodeDouble, 000000000323b1a6
initLinker: inserting rts symbol __word_encodeDouble, 000000000323b12a
initLinker: inserting rts symbol __int_encodeFloat, 000000000323b235
initLinker: inserting rts symbol __word_encodeFloat, 000000000323b2b9
initLinker: inserting rts symbol stg_atomicallyzh, 00000000032627e8
initLinker: inserting rts symbol barf, 000000000322d504
initLinker: inserting rts symbol deRefStablePtr, 000000000322efad
initLinker: inserting rts symbol debugBelch, 000000000322d652
initLinker: inserting rts symbol errorBelch, 000000000322d592
initLinker: inserting rts symbol sysErrorBelch, 000000000322d5f2
initLinker: inserting rts symbol stg_getMaskingStatezh, 0000000003266d10
initLinker: inserting rts symbol stg_maskAsyncExceptionszh, 0000000003266a58
initLinker: inserting rts symbol stg_maskUninterruptiblezh, 0000000003266ad8
initLinker: inserting rts symbol stg_catchzh, 0000000003266f38
initLinker: inserting rts symbol stg_catchRetryzh, 00000000032629c8
initLinker: inserting rts symbol stg_catchSTMzh, 0000000003262920
initLinker: inserting rts symbol stg_checkzh, 0000000003262e10
initLinker: inserting rts symbol stg_clearCCSzh, 00000000032647a8
initLinker: inserting rts symbol stg_compactAddWithSharingzh, 0000000003281ab8
initLinker: inserting rts symbol stg_compactAddzh, 0000000003281b90
initLinker: inserting rts symbol stg_compactNewzh, 0000000003281c30
initLinker: inserting rts symbol stg_compactResizzezh, 0000000003281cc0
initLinker: inserting rts symbol stg_compactContainszh, 0000000003281d58
initLinker: inserting rts symbol stg_compactContainsAnyzh, 0000000003281d80
initLinker: inserting rts symbol stg_compactGetFirstBlockzh, 0000000003281da8
initLinker: inserting rts symbol stg_compactGetNextBlockzh, 0000000003281e68
initLinker: inserting rts symbol stg_compactAllocateBlockzh, 0000000003281f10
initLinker: inserting rts symbol stg_compactFixupPointerszh, 0000000003281fa8
initLinker: inserting rts symbol stg_compactSizzezh, 0000000003281c20
initLinker: inserting rts symbol closure_flags, 00000000035eab20
initLinker: inserting rts symbol cmp_thread, 00000000032346ca
initLinker: inserting rts symbol createAdjustor, 0000000003235d45
initLinker: inserting rts symbol stg_decodeDoublezu2Intzh, 00000000032620f8
initLinker: inserting rts symbol stg_decodeDoublezuInt64zh, 00000000032621b8
initLinker: inserting rts symbol stg_decodeFloatzuIntzh, 0000000003262060
initLinker: inserting rts symbol stg_delayzh, 00000000032640b8
initLinker: inserting rts symbol stg_deRefWeakzh, 0000000003262030
initLinker: inserting rts symbol stg_deRefStablePtrzh, 0000000003263b88
initLinker: inserting rts symbol dirty_MUT_VAR, 00000000032434ae
initLinker: inserting rts symbol dirty_TVAR, 0000000003243503
initLinker: inserting rts symbol stg_forkzh, 00000000032621f0
initLinker: inserting rts symbol stg_forkOnzh, 00000000032622a0
initLinker: inserting rts symbol forkProcess, 0000000003237909
initLinker: inserting rts symbol forkOS_createThread, 000000000325f2c0
initLinker: inserting rts symbol freeHaskellFunctionPtr, 0000000003235ff8
initLinker: inserting rts symbol getOrSetGHCConcSignalSignalHandlerStore, 0000000003235b6d
initLinker: inserting rts symbol getOrSetGHCConcWindowsPendingDelaysStore, 0000000003235b8d
initLinker: inserting rts symbol getOrSetGHCConcWindowsIOManagerThreadStore, 0000000003235bad
initLinker: inserting rts symbol getOrSetGHCConcWindowsProddingStore, 0000000003235bcd
initLinker: inserting rts symbol getOrSetSystemEventThreadEventManagerStore, 0000000003235bed
initLinker: inserting rts symbol getOrSetSystemEventThreadIOManagerThreadStore, 0000000003235c0d
initLinker: inserting rts symbol getOrSetSystemTimerThreadEventManagerStore, 0000000003235c2d
initLinker: inserting rts symbol getOrSetSystemTimerThreadIOManagerThreadStore, 0000000003235c4d
initLinker: inserting rts symbol getOrSetLibHSghcFastStringTable, 0000000003235c6d
initLinker: inserting rts symbol getRTSStats, 000000000327cbfb
initLinker: inserting rts symbol getRTSStatsEnabled, 000000000327cbe3
initLinker: inserting rts symbol getOrSetLibHSghcPersistentLinkerState, 0000000003235c8d
initLinker: inserting rts symbol getOrSetLibHSghcInitLinkerDone, 0000000003235cad
initLinker: inserting rts symbol getOrSetLibHSghcGlobalDynFlags, 0000000003235ccd
initLinker: inserting rts symbol genericRaise, 000000000322fdef
initLinker: inserting rts symbol getProgArgv, 000000000323e9f0
initLinker: inserting rts symbol getFullProgArgv, 000000000323eaec
initLinker: inserting rts symbol setFullProgArgv, 000000000323eab7
initLinker: inserting rts symbol freeFullProgArgv, 000000000323eb23
initLinker: inserting rts symbol getProcessElapsedTime, 000000000325f4bd
initLinker: inserting rts symbol getStablePtr, 00000000032400f2
initLinker: inserting rts symbol foreignExportStablePtr, 000000000322c08c
initLinker: inserting rts symbol hs_init, 000000000323b60e
initLinker: inserting rts symbol hs_init_with_rtsopts, 000000000323b6b8
initLinker: inserting rts symbol hs_init_ghc, 000000000323b7ea
initLinker: inserting rts symbol hs_exit, 000000000323be4b
initLinker: inserting rts symbol hs_exit_nowait, 000000000323be64
initLinker: inserting rts symbol hs_set_argv, 000000000322a560
initLinker: inserting rts symbol hs_perform_gc, 000000000322a585
initLinker: inserting rts symbol hs_lock_stable_tables, 000000000322a599
initLinker: inserting rts symbol hs_unlock_stable_tables, 000000000322a5ad
initLinker: inserting rts symbol hs_free_stable_ptr, 000000000322a5c1
initLinker: inserting rts symbol hs_free_stable_ptr_unsafe, 000000000322a5dd
initLinker: inserting rts symbol hs_free_fun_ptr, 000000000322a5f9
initLinker: inserting rts symbol hs_hpc_rootModule, 00000000032795d0
initLinker: inserting rts symbol hs_hpc_module, 000000000327914a
initLinker: inserting rts symbol hs_thread_done, 000000000322a615
initLinker: inserting rts symbol hs_try_putmvar, 000000000322b777
initLinker: inserting rts symbol defaultRtsConfig, 0000000003727980
initLinker: inserting rts symbol initLinker, 000000000322bba4
initLinker: inserting rts symbol initLinker_, 000000000322bbbd
initLinker: inserting rts symbol stg_unpackClosurezh, 0000000003263d78
initLinker: inserting rts symbol stg_getApStackValzh, 0000000003264760
initLinker: inserting rts symbol stg_getSparkzh, 0000000003264798
initLinker: inserting rts symbol stg_numSparkszh, 00000000032647b0
initLinker: inserting rts symbol stg_isCurrentThreadBoundzh, 00000000032623e0
initLinker: inserting rts symbol stg_isEmptyMVarzh, 0000000003262ff0
initLinker: inserting rts symbol stg_killThreadzh, 0000000003266d40
initLinker: inserting rts symbol loadArchive, 0000000003257f44
initLinker: inserting rts symbol loadObj, 000000000322c9ba
initLinker: inserting rts symbol purgeObj, 000000000322ce10
initLinker: inserting rts symbol insertSymbol, 000000000322bf1e
initLinker: inserting rts symbol lookupSymbol, 000000000322c03d
initLinker: inserting rts symbol stg_makeStablePtrzh, 0000000003263b60
initLinker: inserting rts symbol stg_mkApUpd0zh, 0000000003263ce0
initLinker: inserting rts symbol stg_myThreadIdzh, 00000000032623a8
initLinker: inserting rts symbol stg_labelThreadzh, 00000000032623b8
initLinker: inserting rts symbol stg_newArrayzh, 0000000003260820
initLinker: inserting rts symbol stg_copyArrayzh, 0000000003260a08
initLinker: inserting rts symbol stg_copyMutableArrayzh, 0000000003260ab8
initLinker: inserting rts symbol stg_copyArrayArrayzh, 0000000003260b90
initLinker: inserting rts symbol stg_copyMutableArrayArrayzh, 0000000003260c40
initLinker: inserting rts symbol stg_cloneArrayzh, 0000000003260d18
initLinker: inserting rts symbol stg_cloneMutableArrayzh, 0000000003260e68
initLinker: inserting rts symbol stg_freezzeArrayzh, 0000000003260fb8
initLinker: inserting rts symbol stg_thawArrayzh, 0000000003261108
initLinker: inserting rts symbol stg_newArrayArrayzh, 00000000032612a8
initLinker: inserting rts symbol stg_casArrayzh, 0000000003261258
initLinker: inserting rts symbol stg_newSmallArrayzh, 00000000032613a8
initLinker: inserting rts symbol stg_unsafeThawSmallArrayzh, 00000000032614c8
initLinker: inserting rts symbol stg_cloneSmallArrayzh, 0000000003261570
initLinker: inserting rts symbol stg_cloneSmallMutableArrayzh, 0000000003261698
initLinker: inserting rts symbol stg_freezzeSmallArrayzh, 00000000032617c0
initLinker: inserting rts symbol stg_thawSmallArrayzh, 00000000032618e8
initLinker: inserting rts symbol stg_copySmallArrayzh, 0000000003261a10
initLinker: inserting rts symbol stg_copySmallMutableArrayzh, 0000000003261a50
initLinker: inserting rts symbol stg_casSmallArrayzh, 0000000003261ab8
initLinker: inserting rts symbol stg_newBCOzh, 0000000003263ba0
initLinker: inserting rts symbol stg_newByteArrayzh, 0000000003260390
initLinker: inserting rts symbol stg_casIntArrayzh, 0000000003260800
initLinker: inserting rts symbol stg_newMVarzh, 0000000003263008
initLinker: inserting rts symbol stg_newMutVarzh, 0000000003261af8
initLinker: inserting rts symbol stg_newTVarzh, 0000000003262e80
initLinker: inserting rts symbol stg_noDuplicatezh, 00000000032645e8
initLinker: inserting rts symbol stg_atomicModifyMutVarzh, 0000000003261ba8
initLinker: inserting rts symbol stg_casMutVarzh, 0000000003261b60
initLinker: inserting rts symbol stg_newPinnedByteArrayzh, 0000000003260460
initLinker: inserting rts symbol stg_newAlignedPinnedByteArrayzh, 0000000003260550
initLinker: inserting rts symbol stg_isByteArrayPinnedzh, 0000000003260690
initLinker: inserting rts symbol stg_isMutableByteArrayPinnedzh, 00000000032606b8
initLinker: inserting rts symbol stg_shrinkMutableByteArrayzh, 00000000032606c0
initLinker: inserting rts symbol stg_resizzeMutableByteArrayzh, 0000000003260738
initLinker: inserting rts symbol newSpark, 000000000323bef0
initLinker: inserting rts symbol performGC, 00000000032382e4
initLinker: inserting rts symbol performMajorGC, 00000000032382fd
initLinker: inserting rts symbol prog_argc, 00000000039dd8b8
initLinker: inserting rts symbol prog_argv, 00000000039dd8c0
initLinker: inserting rts symbol stg_putMVarzh, 0000000003263498
initLinker: inserting rts symbol stg_raisezh, 0000000003266ff8
initLinker: inserting rts symbol stg_raiseIOzh, 0000000003267408
initLinker: inserting rts symbol stg_readTVarzh, 0000000003262ef8
initLinker: inserting rts symbol stg_readTVarIOzh, 0000000003262f68
initLinker: inserting rts symbol resumeThread, 0000000003237ce2
initLinker: inserting rts symbol setNumCapabilities, 0000000003237922
initLinker: inserting rts symbol getNumberOfProcessors, 000000000325f2d6
initLinker: inserting rts symbol resolveObjs, 000000000322cc51
initLinker: inserting rts symbol stg_retryzh, 0000000003262ab0
initLinker: inserting rts symbol rts_apply, 000000000322ad83
initLinker: inserting rts symbol rts_checkSchedStatus, 000000000322b500
initLinker: inserting rts symbol rts_eval, 000000000322b1a3
initLinker: inserting rts symbol rts_evalIO, 000000000322b24b
initLinker: inserting rts symbol rts_evalLazyIO, 000000000322b458
initLinker: inserting rts symbol rts_evalStableIOMain, 000000000322b2a3
initLinker: inserting rts symbol rts_evalStableIO, 000000000322b38e
initLinker: inserting rts symbol rts_eval_, 000000000322b1fb
initLinker: inserting rts symbol rts_getBool, 000000000322aff7
initLinker: inserting rts symbol rts_getChar, 000000000322add9
initLinker: inserting rts symbol rts_getDouble, 000000000322af65
initLinker: inserting rts symbol rts_getFloat, 000000000322af3e
initLinker: inserting rts symbol rts_getInt, 000000000322adf8
initLinker: inserting rts symbol rts_getInt8, 000000000322ae17
initLinker: inserting rts symbol rts_getInt16, 000000000322ae36
initLinker: inserting rts symbol rts_getInt32, 000000000322ae55
initLinker: inserting rts symbol rts_getInt64, 000000000322ae74
initLinker: inserting rts symbol rts_getPtr, 000000000322afb9
initLinker: inserting rts symbol rts_getFunPtr, 000000000322afd8
initLinker: inserting rts symbol rts_getStablePtr, 000000000322af9a
initLinker: inserting rts symbol rts_getThreadId, 0000000003234717
initLinker: inserting rts symbol rts_getWord, 000000000322ae9b
initLinker: inserting rts symbol rts_getWord8, 000000000322aeba
initLinker: inserting rts symbol rts_getWord16, 000000000322aed9
initLinker: inserting rts symbol rts_getWord32, 000000000322aef8
initLinker: inserting rts symbol rts_getWord64, 000000000322af17
initLinker: inserting rts symbol rts_lock, 000000000322b5b0
initLinker: inserting rts symbol rts_mkBool, 000000000322ad25
initLinker: inserting rts symbol rts_mkChar, 000000000322a7d8
initLinker: inserting rts symbol rts_mkDouble, 000000000322abf2
initLinker: inserting rts symbol rts_mkFloat, 000000000322ab92
initLinker: inserting rts symbol rts_mkInt, 000000000322a82c
initLinker: inserting rts symbol rts_mkInt8, 000000000322a87f
initLinker: inserting rts symbol rts_mkInt16, 000000000322a8d7
initLinker: inserting rts symbol rts_mkInt32, 000000000322a930
initLinker: inserting rts symbol rts_mkInt64, 000000000322a986
initLinker: inserting rts symbol rts_mkPtr, 000000000322ac99
initLinker: inserting rts symbol rts_mkFunPtr, 000000000322acdf
initLinker: inserting rts symbol rts_mkStablePtr, 000000000322ac53
initLinker: inserting rts symbol rts_mkString, 000000000322ad4a
initLinker: inserting rts symbol rts_mkWord, 000000000322a9e1
initLinker: inserting rts symbol rts_mkWord8, 000000000322aa34
initLinker: inserting rts symbol rts_mkWord16, 000000000322aa8b
initLinker: inserting rts symbol rts_mkWord32, 000000000322aae3
initLinker: inserting rts symbol rts_mkWord64, 000000000322ab37
initLinker: inserting rts symbol rts_unlock, 000000000322b626
initLinker: inserting rts symbol rts_unsafeGetMyCapability, 0000000003233b9f
initLinker: inserting rts symbol rtsSupportsBoundThreads, 0000000003234e66
initLinker: inserting rts symbol rts_isProfiled, 000000000322ffa0
initLinker: inserting rts symbol rts_isDynamic, 000000000322ffab
initLinker: inserting rts symbol rts_setInCallCapability, 0000000003277f7d
initLinker: inserting rts symbol rts_getThreadAllocationCounter, 0000000003234728
initLinker: inserting rts symbol rts_setThreadAllocationCounter, 000000000323474a
initLinker: inserting rts symbol rts_enableThreadAllocationLimit, 0000000003234775
initLinker: inserting rts symbol rts_disableThreadAllocationLimit, 0000000003234793
initLinker: inserting rts symbol rts_setMainThread, 00000000032407b0
initLinker: inserting rts symbol setProgArgv, 000000000323ea27
initLinker: inserting rts symbol startupHaskell, 000000000323bbff
initLinker: inserting rts symbol shutdownHaskell, 000000000323be7d
initLinker: inserting rts symbol shutdownHaskellAndExit, 000000000323be91
initLinker: inserting rts symbol stable_name_table, 00000000039dd980
initLinker: inserting rts symbol stable_ptr_table, 00000000039dd988
initLinker: inserting rts symbol reportStackOverflow, 000000000322f58b
initLinker: inserting rts symbol reportHeapOverflow, 000000000322f5d2
initLinker: inserting rts symbol stg_CAF_BLACKHOLE_info, 0000000003264d68
initLinker: inserting rts symbol stg_BLACKHOLE_info, 0000000003264c10
initLinker: inserting rts symbol __stg_EAGER_BLACKHOLE_info, 0000000003264d80
initLinker: inserting rts symbol stg_BLOCKING_QUEUE_CLEAN_info, 0000000003264d98
initLinker: inserting rts symbol stg_BLOCKING_QUEUE_DIRTY_info, 0000000003264dd0
initLinker: inserting rts symbol startTimer, 000000000327d4a0
initLinker: inserting rts symbol stg_MVAR_CLEAN_info, 0000000003264fe0
initLinker: inserting rts symbol stg_MVAR_DIRTY_info, 0000000003265018
initLinker: inserting rts symbol stg_TVAR_CLEAN_info, 0000000003265050
initLinker: inserting rts symbol stg_TVAR_DIRTY_info, 0000000003265088
initLinker: inserting rts symbol stg_IND_STATIC_info, 0000000003264bf0
initLinker: inserting rts symbol stg_ARR_WORDS_info, 0000000003265498
initLinker: inserting rts symbol stg_MUT_ARR_PTRS_DIRTY_info, 0000000003265508
initLinker: inserting rts symbol stg_MUT_ARR_PTRS_FROZEN_info, 0000000003265540
initLinker: inserting rts symbol stg_MUT_ARR_PTRS_FROZEN0_info, 0000000003265578
initLinker: inserting rts symbol stg_SMALL_MUT_ARR_PTRS_DIRTY_info, 00000000032655e8
initLinker: inserting rts symbol stg_SMALL_MUT_ARR_PTRS_FROZEN_info, 0000000003265620
initLinker: inserting rts symbol stg_SMALL_MUT_ARR_PTRS_FROZEN0_info, 0000000003265658
initLinker: inserting rts symbol stg_MUT_VAR_CLEAN_info, 0000000003265690
initLinker: inserting rts symbol stg_MUT_VAR_DIRTY_info, 00000000032656c8
initLinker: inserting rts symbol stg_WEAK_info, 0000000003264eb0
initLinker: inserting rts symbol stg_ap_v_info, 0000000003268a50
initLinker: inserting rts symbol stg_ap_f_info, 0000000003268e08
initLinker: inserting rts symbol stg_ap_d_info, 00000000032691d8
initLinker: inserting rts symbol stg_ap_l_info, 00000000032695a8
initLinker: inserting rts symbol stg_ap_v16_info, 0000000003269968
initLinker: inserting rts symbol stg_ap_v32_info, 0000000003269d28
initLinker: inserting rts symbol stg_ap_v64_info, 000000000326a0e8
initLinker: inserting rts symbol stg_ap_n_info, 000000000326a4a8
initLinker: inserting rts symbol stg_ap_p_info, 000000000326a870
initLinker: inserting rts symbol stg_ap_pv_info, 000000000326ac88
initLinker: inserting rts symbol stg_ap_pp_info, 000000000326b118
initLinker: inserting rts symbol stg_ap_ppv_info, 000000000326b608
initLinker: inserting rts symbol stg_ap_ppp_info, 000000000326bb88
initLinker: inserting rts symbol stg_ap_pppv_info, 000000000326c178
initLinker: inserting rts symbol stg_ap_pppp_info, 000000000326c808
initLinker: inserting rts symbol stg_ap_ppppp_info, 000000000326cef0
initLinker: inserting rts symbol stg_ap_pppppp_info, 000000000326d6e0
initLinker: inserting rts symbol stg_ap_0_fast, 0000000003267f00
initLinker: inserting rts symbol stg_ap_v_fast, 000000000326e708
initLinker: inserting rts symbol stg_ap_f_fast, 000000000326e850
initLinker: inserting rts symbol stg_ap_d_fast, 000000000326e9a8
initLinker: inserting rts symbol stg_ap_l_fast, 000000000326eb00
initLinker: inserting rts symbol stg_ap_v16_fast, 000000000326ec48
initLinker: inserting rts symbol stg_ap_v32_fast, 000000000326ed90
initLinker: inserting rts symbol stg_ap_v64_fast, 000000000326eed8
initLinker: inserting rts symbol stg_ap_n_fast, 000000000326f020
initLinker: inserting rts symbol stg_ap_p_fast, 000000000326f170
initLinker: inserting rts symbol stg_ap_pv_fast, 000000000326f2c0
initLinker: inserting rts symbol stg_ap_pp_fast, 000000000326f440
initLinker: inserting rts symbol stg_ap_ppv_fast, 000000000326f5d0
initLinker: inserting rts symbol stg_ap_ppp_fast, 000000000326f780
initLinker: inserting rts symbol stg_ap_pppv_fast, 000000000326f950
initLinker: inserting rts symbol stg_ap_pppp_fast, 000000000326fb48
initLinker: inserting rts symbol stg_ap_ppppp_fast, 000000000326fd58
initLinker: inserting rts symbol stg_ap_pppppp_fast, 000000000326ffa8
initLinker: inserting rts symbol stg_ap_1_upd_info, 0000000003266658
initLinker: inserting rts symbol stg_ap_2_upd_info, 0000000003266698
initLinker: inserting rts symbol stg_ap_3_upd_info, 00000000032666e0
initLinker: inserting rts symbol stg_ap_4_upd_info, 0000000003266728
initLinker: inserting rts symbol stg_ap_5_upd_info, 0000000003266778
initLinker: inserting rts symbol stg_ap_6_upd_info, 00000000032667c8
initLinker: inserting rts symbol stg_ap_7_upd_info, 0000000003266820
initLinker: inserting rts symbol stg_exit, 000000000323beb8
initLinker: inserting rts symbol stg_sel_0_upd_info, 00000000032657d0
initLinker: inserting rts symbol stg_sel_1_upd_info, 0000000003265848
initLinker: inserting rts symbol stg_sel_2_upd_info, 00000000032658c0
initLinker: inserting rts symbol stg_sel_3_upd_info, 0000000003265938
initLinker: inserting rts symbol stg_sel_4_upd_info, 00000000032659b0
initLinker: inserting rts symbol stg_sel_5_upd_info, 0000000003265a28
initLinker: inserting rts symbol stg_sel_6_upd_info, 0000000003265aa0
initLinker: inserting rts symbol stg_sel_7_upd_info, 0000000003265b18
initLinker: inserting rts symbol stg_sel_8_upd_info, 0000000003265b90
initLinker: inserting rts symbol stg_sel_9_upd_info, 0000000003265c08
initLinker: inserting rts symbol stg_sel_10_upd_info, 0000000003265c80
initLinker: inserting rts symbol stg_sel_11_upd_info, 0000000003265cf8
initLinker: inserting rts symbol stg_sel_12_upd_info, 0000000003265d70
initLinker: inserting rts symbol stg_sel_13_upd_info, 0000000003265de8
initLinker: inserting rts symbol stg_sel_14_upd_info, 0000000003265e60
initLinker: inserting rts symbol stg_sel_15_upd_info, 0000000003265ed8
initLinker: inserting rts symbol stg_sel_0_noupd_info, 0000000003265f58
initLinker: inserting rts symbol stg_sel_1_noupd_info, 0000000003265fc8
initLinker: inserting rts symbol stg_sel_2_noupd_info, 0000000003266038
initLinker: inserting rts symbol stg_sel_3_noupd_info, 00000000032660a8
initLinker: inserting rts symbol stg_sel_4_noupd_info, 0000000003266118
initLinker: inserting rts symbol stg_sel_5_noupd_info, 0000000003266188
initLinker: inserting rts symbol stg_sel_6_noupd_info, 00000000032661f8
initLinker: inserting rts symbol stg_sel_7_noupd_info, 0000000003266268
initLinker: inserting rts symbol stg_sel_8_noupd_info, 00000000032662d8
initLinker: inserting rts symbol stg_sel_9_noupd_info, 0000000003266348
initLinker: inserting rts symbol stg_sel_10_noupd_info, 00000000032663b8
initLinker: inserting rts symbol stg_sel_11_noupd_info, 0000000003266428
initLinker: inserting rts symbol stg_sel_12_noupd_info, 0000000003266498
initLinker: inserting rts symbol stg_sel_13_noupd_info, 0000000003266508
initLinker: inserting rts symbol stg_sel_14_noupd_info, 0000000003266578
initLinker: inserting rts symbol stg_sel_15_noupd_info, 00000000032665e8
initLinker: inserting rts symbol stg_upd_frame_info, 0000000003268440
initLinker: inserting rts symbol stg_bh_upd_frame_info, 00000000032686d0
initLinker: inserting rts symbol suspendThread, 0000000003237bb6
initLinker: inserting rts symbol stg_takeMVarzh, 0000000003263080
initLinker: inserting rts symbol stg_readMVarzh, 0000000003263948
initLinker: inserting rts symbol stg_threadStatuszh, 0000000003262408
initLinker: inserting rts symbol stg_tryPutMVarzh, 0000000003263770
initLinker: inserting rts symbol stg_tryTakeMVarzh, 0000000003263308
initLinker: inserting rts symbol stg_tryReadMVarzh, 0000000003263a40
initLinker: inserting rts symbol stg_unmaskAsyncExceptionszh, 0000000003266b58
initLinker: inserting rts symbol unloadObj, 000000000322cde8
initLinker: inserting rts symbol stg_unsafeThawArrayzh, 0000000003260960
initLinker: inserting rts symbol stg_waitReadzh, 0000000003263ee8
initLinker: inserting rts symbol stg_waitWritezh, 0000000003263fd0
initLinker: inserting rts symbol stg_writeTVarzh, 0000000003262f80
initLinker: inserting rts symbol stg_yieldzh, 0000000003262398
initLinker: inserting rts symbol stg_badAlignment_entry, 0000000003268a20
initLinker: inserting rts symbol stg_interp_constr1_entry, 0000000003264a08
initLinker: inserting rts symbol stg_interp_constr2_entry, 0000000003264a10
initLinker: inserting rts symbol stg_interp_constr3_entry, 0000000003264a18
initLinker: inserting rts symbol stg_interp_constr4_entry, 0000000003264a20
initLinker: inserting rts symbol stg_interp_constr5_entry, 0000000003264a28
initLinker: inserting rts symbol stg_interp_constr6_entry, 0000000003264a30
initLinker: inserting rts symbol stg_interp_constr7_entry, 0000000003264a38
initLinker: inserting rts symbol stg_arg_bitmaps, 000000000372fbf8
initLinker: inserting rts symbol large_alloc_lim, 00000000039ddc40
initLinker: inserting rts symbol g0, 00000000039ddc58
initLinker: inserting rts symbol allocate, 0000000003242f45
initLinker: inserting rts symbol allocateExec, 0000000003243c40
initLinker: inserting rts symbol flushExec, 0000000003243c31
initLinker: inserting rts symbol freeExec, 0000000003243e14
initLinker: inserting rts symbol getAllocations, 000000000327cbd6
initLinker: inserting rts symbol revertCAFs, 000000000324cb86
initLinker: inserting rts symbol RtsFlags, 00000000039dd720
initLinker: inserting rts symbol rts_breakpoint_io_action, 00000000039dd0c8
initLinker: inserting rts symbol rts_stop_next_breakpoint, 00000000039dd0c0
initLinker: inserting rts symbol rts_stop_on_exception, 00000000039dd0c4
initLinker: inserting rts symbol stopTimer, 000000000327d4d8
initLinker: inserting rts symbol n_capabilities, 00000000039dd540
initLinker: inserting rts symbol enabled_capabilities, 00000000039dd544
initLinker: inserting rts symbol stg_traceCcszh, 0000000003264788
initLinker: inserting rts symbol stg_traceEventzh, 00000000032647b8
initLinker: inserting rts symbol stg_traceMarkerzh, 00000000032647e0
initLinker: inserting rts symbol getMonotonicNSec, 000000000325f41d
initLinker: inserting rts symbol lockFile, 0000000003239c55
initLinker: inserting rts symbol unlockFile, 0000000003239d70
initLinker: inserting rts symbol startProfTimer, 00000000032795e7
initLinker: inserting rts symbol stopProfTimer, 00000000032795e0
initLinker: inserting rts symbol atomic_inc, 000000000322eab3
initLinker: inserting rts symbol atomic_dec, 00000000032780b0
initLinker: inserting rts symbol hs_spt_lookup, 000000000322a448
initLinker: inserting rts symbol hs_spt_insert, 000000000322a37c
initLinker: inserting rts symbol hs_spt_insert_stableptr, 000000000322a325
initLinker: inserting rts symbol hs_spt_remove, 000000000322a3f9
initLinker: inserting rts symbol hs_spt_keys, 000000000322a4a9
initLinker: inserting rts symbol hs_spt_key_count, 000000000322a4f0
initLinker: inserting rts symbol write_barrier, 000000000322ea60
initLinker: inserting rts symbol store_load_barrier, 000000000322ea67
initLinker: inserting rts symbol load_load_barrier, 000000000322ea6e
initLinker: inserting rts symbol cas, 000000000322ea75
initLinker: inserting rts symbol _assertFail, 000000000322d56c
initLinker: inserting rts symbol ioManagerWakeup, 000000000325db30
initLinker: inserting rts symbol sendIOManagerEvent, 000000000325db26
initLinker: inserting rts symbol readIOManagerEvent, 000000000325db1b
initLinker: inserting rts symbol getIOManagerEvent, 000000000325db10
initLinker: inserting rts symbol console_handler, 00000000035e5668
initLinker: inserting rts symbol stg_CHARLIKE_closure, 00000000035e56d0
initLinker: inserting rts symbol stg_INTLIKE_closure, 00000000035e66d0
initLinker: inserting rts symbol stg_asyncReadzh, 0000000003264200
initLinker: inserting rts symbol stg_asyncWritezh, 0000000003264340
initLinker: inserting rts symbol stg_asyncDoProczh, 0000000003264488
initLinker: inserting rts symbol rts_InstallConsoleEvent, 000000000325e7d1
initLinker: inserting rts symbol rts_ConsoleHandlerDone, 000000000325e8e8
initLinker: inserting rts symbol atexit, 00000000032831a0
initLinker: inserting rts symbol ___chkstk_ms, 000000000328c460
initLinker: inserting rts symbol __imp__environ, 00000000039ece58
initLinker: inserting rts symbol __iob_func, 0000000003282ff0
initLinker: inserting rts symbol _lock_file, 0000000003283020
initLinker: inserting rts symbol _unlock_file, 0000000003283080
initLinker: inserting rts symbol access, 00000000baadf00d
initLinker: inserting rts symbol cabs, 00000000baadf00d
initLinker: inserting rts symbol cgets, 00000000baadf00d
initLinker: inserting rts symbol chdir, 00000000baadf00d
initLinker: inserting rts symbol chmod, 00000000baadf00d
initLinker: inserting rts symbol chsize, 00000000baadf00d
initLinker: inserting rts symbol close, 00000000baadf00d
initLinker: inserting rts symbol cprintf, 00000000baadf00d
initLinker: inserting rts symbol cputs, 00000000baadf00d
initLinker: inserting rts symbol creat, 00000000baadf00d
initLinker: inserting rts symbol cscanf, 00000000baadf00d
initLinker: inserting rts symbol cwait, 00000000baadf00d
initLinker: inserting rts symbol dup, 00000000baadf00d
initLinker: inserting rts symbol dup2, 00000000baadf00d
initLinker: inserting rts symbol ecvt, 00000000baadf00d
initLinker: inserting rts symbol eof, 00000000baadf00d
initLinker: inserting rts symbol execl, 00000000baadf00d
initLinker: inserting rts symbol execle, 00000000baadf00d
initLinker: inserting rts symbol execlp, 00000000baadf00d
initLinker: inserting rts symbol execlpe, 00000000baadf00d
initLinker: inserting rts symbol execv, 00000000baadf00d
initLinker: inserting rts symbol execve, 00000000baadf00d
initLinker: inserting rts symbol execvp, 00000000baadf00d
initLinker: inserting rts symbol execvpe, 00000000baadf00d
initLinker: inserting rts symbol fcloseall, 00000000baadf00d
initLinker: inserting rts symbol fcvt, 00000000baadf00d
initLinker: inserting rts symbol fdopen, 00000000baadf00d
initLinker: inserting rts symbol fgetchar, 00000000baadf00d
initLinker: inserting rts symbol filelength, 00000000baadf00d
initLinker: inserting rts symbol fileno, 00000000baadf00d
initLinker: inserting rts symbol flushall, 00000000baadf00d
initLinker: inserting rts symbol fputchar, 00000000baadf00d
initLinker: inserting rts symbol gcvt, 00000000baadf00d
initLinker: inserting rts symbol getch, 00000000baadf00d
initLinker: inserting rts symbol getche, 00000000baadf00d
initLinker: inserting rts symbol getcwd, 00000000baadf00d
initLinker: inserting rts symbol getpid, 00000000baadf00d
initLinker: inserting rts symbol getw, 00000000baadf00d
initLinker: inserting rts symbol hypot, 00000000baadf00d
initLinker: inserting rts symbol inp, 00000000baadf00d
initLinker: inserting rts symbol inpw, 00000000baadf00d
initLinker: inserting rts symbol isascii, 00000000baadf00d
initLinker: inserting rts symbol isatty, 00000000baadf00d
initLinker: inserting rts symbol iscsym, 00000000baadf00d
initLinker: inserting rts symbol iscsymf, 00000000baadf00d
initLinker: inserting rts symbol itoa, 00000000baadf00d
initLinker: inserting rts symbol j0, 00000000baadf00d
initLinker: inserting rts symbol j1, 00000000baadf00d
initLinker: inserting rts symbol jn, 00000000baadf00d
initLinker: inserting rts symbol kbhit, 00000000baadf00d
initLinker: inserting rts symbol lfind, 00000000baadf00d
initLinker: inserting rts symbol locking, 00000000baadf00d
initLinker: inserting rts symbol lsearch, 00000000baadf00d
initLinker: inserting rts symbol lseek, 00000000baadf00d
initLinker: inserting rts symbol ltoa, 00000000baadf00d
initLinker: inserting rts symbol memccpy, 00000000baadf00d
initLinker: inserting rts symbol memicmp, 00000000baadf00d
initLinker: inserting rts symbol mkdir, 00000000baadf00d
initLinker: inserting rts symbol mktemp, 00000000baadf00d
initLinker: inserting rts symbol open, 00000000baadf00d
initLinker: inserting rts symbol outp, 00000000baadf00d
initLinker: inserting rts symbol outpw, 00000000baadf00d
initLinker: inserting rts symbol putch, 00000000baadf00d
initLinker: inserting rts symbol putenv, 00000000baadf00d
initLinker: inserting rts symbol putw, 00000000baadf00d
initLinker: inserting rts symbol read, 00000000baadf00d
initLinker: inserting rts symbol rmdir, 00000000baadf00d
initLinker: inserting rts symbol rmtmp, 00000000baadf00d
initLinker: inserting rts symbol setmode, 00000000baadf00d
initLinker: inserting rts symbol sopen, 00000000baadf00d
initLinker: inserting rts symbol spawnl, 00000000baadf00d
initLinker: inserting rts symbol spawnle, 00000000baadf00d
initLinker: inserting rts symbol spawnlp, 00000000baadf00d
initLinker: inserting rts symbol spawnlpe, 00000000baadf00d
initLinker: inserting rts symbol spawnv, 00000000baadf00d
initLinker: inserting rts symbol spawnve, 00000000baadf00d
initLinker: inserting rts symbol spawnvp, 00000000baadf00d
initLinker: inserting rts symbol spawnvpe, 00000000baadf00d
initLinker: inserting rts symbol strcmpi, 00000000baadf00d
initLinker: inserting rts symbol strdup, 00000000baadf00d
initLinker: inserting rts symbol stricmp, 00000000baadf00d
initLinker: inserting rts symbol strlwr, 00000000baadf00d
initLinker: inserting rts symbol strnicmp, 00000000baadf00d
initLinker: inserting rts symbol strnset, 00000000baadf00d
initLinker: inserting rts symbol strrev, 00000000baadf00d
initLinker: inserting rts symbol strset, 00000000baadf00d
initLinker: inserting rts symbol strupr, 00000000baadf00d
initLinker: inserting rts symbol swab, 00000000baadf00d
initLinker: inserting rts symbol tell, 00000000baadf00d
initLinker: inserting rts symbol tempnam, 00000000baadf00d
initLinker: inserting rts symbol toascii, 00000000baadf00d
initLinker: inserting rts symbol tzset, 00000000baadf00d
initLinker: inserting rts symbol ultoa, 00000000baadf00d
initLinker: inserting rts symbol umask, 00000000baadf00d
initLinker: inserting rts symbol ungetch, 00000000baadf00d
initLinker: inserting rts symbol unlink, 00000000baadf00d
initLinker: inserting rts symbol wcsdup, 00000000baadf00d
initLinker: inserting rts symbol wcsicmp, 00000000baadf00d
initLinker: inserting rts symbol wcsicoll, 00000000baadf00d
initLinker: inserting rts symbol wcslwr, 00000000baadf00d
initLinker: inserting rts symbol wcsnicmp, 00000000baadf00d
initLinker: inserting rts symbol wcsnset, 00000000baadf00d
initLinker: inserting rts symbol wcsrev, 00000000baadf00d
initLinker: inserting rts symbol wcsset, 00000000baadf00d
initLinker: inserting rts symbol wcsupr, 00000000baadf00d
initLinker: inserting rts symbol write, 00000000baadf00d
initLinker: inserting rts symbol y0, 00000000baadf00d
initLinker: inserting rts symbol y1, 00000000baadf00d
initLinker: inserting rts symbol yn, 00000000baadf00d
initLinker: inserting rts symbol __udivti3, 000000000328c4a0
initLinker: inserting rts symbol __umodti3, 000000000328c5d0
initLinker: inserting rts symbol ffi_prep_cif, 00000000032822b6
initLinker: inserting rts symbol ffi_call, 0000000003282778
initLinker: inserting rts symbol ffi_type_void, 0000000003736770
initLinker: inserting rts symbol ffi_type_float, 00000000037368b0
initLinker: inserting rts symbol ffi_type_double, 00000000037368d0
initLinker: inserting rts symbol ffi_type_sint64, 0000000003736870
initLinker: inserting rts symbol ffi_type_uint64, 0000000003736850
initLinker: inserting rts symbol ffi_type_sint32, 0000000003736830
initLinker: inserting rts symbol ffi_type_uint32, 0000000003736810
initLinker: inserting rts symbol ffi_type_sint16, 00000000037367f0
initLinker: inserting rts symbol ffi_type_uint16, 00000000037367d0
initLinker: inserting rts symbol ffi_type_sint8, 00000000037367b0
initLinker: inserting rts symbol ffi_type_uint8, 0000000003736790
initLinker: inserting rts symbol ffi_type_pointer, 0000000003736890
Loading dependency *.exe -> dbghelp.dll.
Loading dependency dbghelp.dll -> ntdll.dll.
Loading dependency *.exe -> GDI32.dll.
Loading dependency *.exe -> KERNEL32.dll.
Loading dependency KERNEL32.dll -> KERNELBASE.dll.
Loading dependency *.exe -> msvcrt.dll.
Loading dependency *.exe -> PSAPI.DLL.
Loading dependency *.exe -> SHELL32.dll.
Loading dependency SHELL32.dll -> USER32.dll.
Loading dependency USER32.dll -> win32u.dll.
Loading dependency *.exe -> WINMM.dll.
Loading dependency WINMM.dll -> WINMMBASE.dll.
Loading dependency *.exe -> WSOCK32.dll.
Loading dependency WSOCK32.dll -> WS2_32.dll.
Loading dependency WS2_32.dll -> RPCRT4.dll.
addDLL; dll_name = `msvcrt'
addDLL; dll_name = `kernel32'
addDLL; dll_name = `advapi32'
Loading dependency advapi32.DLL -> SECHOST.dll.
addDLL; dll_name = `shell32'
addDLL; dll_name = `user32'
initLinker: done

findSystemLibrary: dll_name = `pthread.dll'

addLibrarySearchPath: dll_path = `C:\Program Files\Haskell Platform\8.4.3\lib\..\mingw\bin'
addDLL; dll_name = `pthread'
<command line>: user specified .o/.so/.DLL could not be loaded (addDLL: pthread or dependencies not loaded. (Win32 error 5))
Whilst trying to load:  (dynamic) pthread
Additional directories searched:   C://Program Files//Haskell Platform//8.4.3//mingw//bin/x86_64-w64-mingw32/7.2.0/
   C://Program Files//Haskell Platform//8.4.3//mingw//bin/
   C://Program Files//Haskell Platform//8.4.3//mingw//bin/../lib/x86_64-w64-mingw32/7.2.0/
   C://Program Files//Haskell Platform//8.4.3//mingw//bin/../lib/
   C://Program Files//Haskell Platform//8.4.3//mingw//bin/../lib/gcc/x86_64-w64-mingw32/7.2.0/x86_64-w64-mingw32/7.2.0/
   C://Program Files//Haskell Platform//8.4.3//mingw//bin/../lib/gcc/x86_64-w64-mingw32/7.2.0/
   C://Program Files//Haskell Platform//8.4.3//mingw//bin/../libexec/gcc/x86_64-w64-mingw32/7.2.0x86_64-w64-mingw32/7.2.0/
   C://Program Files//Haskell Platform//8.4.3//mingw//bin/../libexec/gcc/x86_64-w64-mingw32/7.2.0
   C:/Program Files/Haskell Platform/8.4.3/mingw/bin/../lib/gcc/x86_64-w64-mingw32/7.2.0/
   C:/Program Files/Haskell Platform/8.4.3/mingw/bin/../lib/gcc/
   C:/Program Files/Haskell Platform/8.4.3/mingw/bin/../lib/gcc/x86_64-w64-mingw32/7.2.0/../../../../x86_64-w64-mingw32/lib/x86_64-w64-mingw32/7.2.0/
   C:/Program Files/Haskell Platform/8.4.3/mingw/bin/../lib/gcc/x86_64-w64-mingw32/7.2.0/../../../../x86_64-w64-mingw32/lib/../lib/
   C:/Program Files/Haskell Platform/8.4.3/mingw/bin/../lib/gcc/x86_64-w64-mingw32/7.2.0/../../../x86_64-w64-mingw32/7.2.0/
   C:/Program Files/Haskell Platform/8.4.3/mingw/bin/../lib/gcc/x86_64-w64-mingw32/7.2.0/../../../../lib/
   C:/building/msys64/mingw64/x86_64-w64-mingw32/lib/x86_64-w64-mingw32/7.2.0/
   C:/building/msys64/mingw64/x86_64-w64-mingw32/lib/../lib/
   C:/Program Files/Haskell Platform/8.4.3/mingw/bin/../lib/gcc/x86_64-w64-mingw32/7.2.0/../../../../x86_64-w64-mingw32/lib/
   C:/Program Files/Haskell Platform/8.4.3/mingw/bin/../lib/gcc/x86_64-w64-mingw32/7.2.0/../../../
   C:/building/msys64/mingw64/x86_64-w64-mingw32/lib/
   C:\windows\system32
